\BOOKMARK [-1][-]{part.1}{I\040Basics}{}% 1
\BOOKMARK [0][-]{chapter.1}{Historical\040Ciphers}{part.1}% 2
\BOOKMARK [1][-]{section.1.1}{Substitution\040Ciphers}{chapter.1}% 3
\BOOKMARK [1][-]{section.1.2}{Caesar\040Cipher}{chapter.1}% 4
\BOOKMARK [1][-]{section.1.3}{\376\377\000V\000i\000g\000\350\000n\000e\000r\000e\000\040\000C\000i\000p\000h\000e\000r}{chapter.1}% 5
\BOOKMARK [1][-]{section.1.4}{Cryptanalysis}{chapter.1}% 6
\BOOKMARK [1][-]{section.1.5}{Frequency\040Analysis}{chapter.1}% 7
\BOOKMARK [1][-]{section.1.6}{Cryptanalysis\040of\040the\040Substitution\040Cipher}{chapter.1}% 8
\BOOKMARK [1][-]{section.1.7}{Summary}{chapter.1}% 9
\BOOKMARK [1][-]{section.1.8}{Enigma}{chapter.1}% 10
\BOOKMARK [2][-]{subsection.1.8.1}{General\040Architecture\040of\040Enigma}{section.1.8}% 11
\BOOKMARK [2][-]{subsection.1.8.2}{Basic\040principle}{section.1.8}% 12
\BOOKMARK [2][-]{subsection.1.8.3}{Key\040Size}{section.1.8}% 13
\BOOKMARK [2][-]{subsection.1.8.4}{Digital\040rewriting\040of\040Enigma}{section.1.8}% 14
\BOOKMARK [2][-]{subsection.1.8.5}{Reflector\040Permutations}{section.1.8}% 15
\BOOKMARK [2][-]{subsection.1.8.6}{Rotor\040Permutations}{section.1.8}% 16
\BOOKMARK [2][-]{subsection.1.8.7}{Rotor\040permutations\040\(after\040rotation\)}{section.1.8}% 17
\BOOKMARK [2][-]{subsection.1.8.8}{Plugboard}{section.1.8}% 18
\BOOKMARK [2][-]{subsection.1.8.9}{Rotor\040Evolution}{section.1.8}% 19
\BOOKMARK [2][-]{subsection.1.8.10}{A\040simple\040property\040of\040Enigma}{section.1.8}% 20
\BOOKMARK [2][-]{subsection.1.8.11}{Modern\040view\040on\040Enigma}{section.1.8}% 21
\BOOKMARK [2][-]{subsection.1.8.12}{Recovering\040Vt\040by\040"cheap"\040brute\040force}{section.1.8}% 22
\BOOKMARK [2][-]{subsection.1.8.13}{Practical\040Version}{section.1.8}% 23
\BOOKMARK [0][-]{chapter.2}{Principles}{part.1}% 24
\BOOKMARK [1][-]{section.2.1}{Lessons\040from\040Historic\040Ciphers}{chapter.2}% 25
\BOOKMARK [1][-]{section.2.2}{Kerkhoff's\040Principle}{chapter.2}% 26
\BOOKMARK [1][-]{section.2.3}{Principles\040of\040Modern\040Cryptography}{chapter.2}% 27
\BOOKMARK [1][-]{section.2.4}{Formal\040Models}{chapter.2}% 28
\BOOKMARK [1][-]{section.2.5}{Precise\040Assumptions}{chapter.2}% 29
\BOOKMARK [1][-]{section.2.6}{Summary}{chapter.2}% 30
\BOOKMARK [0][-]{chapter.3}{Probability\040Theory}{part.1}% 31
\BOOKMARK [1][-]{section.3.1}{Why\040Randomness\040and\040Probability?}{chapter.3}% 32
\BOOKMARK [1][-]{section.3.2}{How\040can\040randomization\040lead\040to\040efficient\040algorithms?}{chapter.3}% 33
\BOOKMARK [1][-]{section.3.3}{Probability\040Spaces}{chapter.3}% 34
\BOOKMARK [1][-]{section.3.4}{Set\040Operations\040on\040events}{chapter.3}% 35
\BOOKMARK [1][-]{section.3.5}{Properties\040of\040Probability\040Spaces}{chapter.3}% 36
\BOOKMARK [1][-]{section.3.6}{Conditional\040Probabilities\040and\040Independence}{chapter.3}% 37
\BOOKMARK [1][-]{section.3.7}{Bayes'\040Rule}{chapter.3}% 38
\BOOKMARK [1][-]{section.3.8}{Law\040of\040Total\040Probability}{chapter.3}% 39
\BOOKMARK [1][-]{section.3.9}{Example:\040Bayes\040and\040LotP\040in\040Action}{chapter.3}% 40
\BOOKMARK [1][-]{section.3.10}{Summary\0401}{chapter.3}% 41
\BOOKMARK [1][-]{section.3.11}{Random\040Variables}{chapter.3}% 42
\BOOKMARK [2][-]{subsection.3.11.1}{Independence\040of\040random\040variables}{section.3.11}% 43
\BOOKMARK [2][-]{subsection.3.11.2}{Examples}{section.3.11}% 44
\BOOKMARK [2][-]{subsection.3.11.3}{Defining\040Probability\040Spaces\040via\040Random\040Variables}{section.3.11}% 45
\BOOKMARK [2][-]{subsection.3.11.4}{Examples}{section.3.11}% 46
\BOOKMARK [2][-]{subsection.3.11.5}{Sampling\040Algorithms}{section.3.11}% 47
\BOOKMARK [1][-]{section.3.12}{Real-Valued\040Random\040Variables\040and\040Expectations}{chapter.3}% 48
\BOOKMARK [2][-]{subsection.3.12.1}{Linearity\040of\040Expectation}{section.3.12}% 49
\BOOKMARK [2][-]{subsection.3.12.2}{Example}{section.3.12}% 50
\BOOKMARK [1][-]{section.3.13}{A\040little\040detour\040to\040Algebra:\040Finite\040Groups}{chapter.3}% 51
\BOOKMARK [2][-]{subsection.3.13.1}{Groups}{section.3.13}% 52
\BOOKMARK [2][-]{subsection.3.13.2}{Examples\040of\040Groups}{section.3.13}% 53
\BOOKMARK [2][-]{subsection.3.13.3}{Random\040Variables\040in\040Groups}{section.3.13}% 54
\BOOKMARK [1][-]{section.3.14}{Summary\0402}{chapter.3}% 55
\BOOKMARK [0][-]{chapter.4}{Perfect\040Secrecy}{part.1}% 56
\BOOKMARK [1][-]{section.4.1}{Historical\040Context}{chapter.4}% 57
\BOOKMARK [1][-]{section.4.2}{Encryption\040Schemes\040\(Shannon\)}{chapter.4}% 58
\BOOKMARK [1][-]{section.4.3}{Encryption\040Schemes:\040Correctness}{chapter.4}% 59
\BOOKMARK [1][-]{section.4.4}{Security}{chapter.4}% 60
\BOOKMARK [1][-]{section.4.5}{Perfect\040Secrecy:\040Part\040I}{chapter.4}% 61
\BOOKMARK [2][-]{subsection.4.5.1}{One-Time\040Pad\040\(OTP\)}{section.4.5}% 62
\BOOKMARK [2][-]{subsection.4.5.2}{One-Time\040Pad:\040Perfect\040Secrecy}{section.4.5}% 63
\BOOKMARK [2][-]{subsection.4.5.3}{One-Time\040Pad\040in\040any\040Finite\040Group}{section.4.5}% 64
\BOOKMARK [2][-]{subsection.4.5.4}{Why\040"One-Time\040Pad"?}{section.4.5}% 65
\BOOKMARK [1][-]{section.4.6}{Summary\0401}{chapter.4}% 66
\BOOKMARK [1][-]{section.4.7}{Discussion:\040Perfect\040Secrecy}{chapter.4}% 67
\BOOKMARK [1][-]{section.4.8}{Perfect\040Secrecy:\040Part\040II}{chapter.4}% 68
\BOOKMARK [2][-]{subsection.4.8.1}{Discussion}{section.4.8}% 69
\BOOKMARK [1][-]{section.4.9}{Summary\0402}{chapter.4}% 70
\BOOKMARK [-1][-]{part.2}{II\040Private\040Key\040Encryption}{}% 71
\BOOKMARK [0][-]{chapter.5}{Basics\040of\040Private\040Key\040Encryption}{part.2}% 72
\BOOKMARK [1][-]{section.5.1}{Limitations\040of\040Perfectly\040Secret\040Encryption}{chapter.5}% 73
\BOOKMARK [1][-]{section.5.2}{Computational\040Security:\040Encryption}{chapter.5}% 74
\BOOKMARK [1][-]{section.5.3}{Computationally\040Secure\040Encryption}{chapter.5}% 75
\BOOKMARK [1][-]{section.5.4}{Concrete\040Security}{chapter.5}% 76
\BOOKMARK [1][-]{section.5.5}{Asymptotic\040Complexity}{chapter.5}% 77
\BOOKMARK [1][-]{section.5.6}{Asymptotic\040Security}{chapter.5}% 78
\BOOKMARK [2][-]{subsection.5.6.1}{Examples}{section.5.6}% 79
\BOOKMARK [1][-]{section.5.7}{Computationally\040Secure\040Encryption:\040Asymptotic\040Indistinguishability\040Security}{chapter.5}% 80
\BOOKMARK [1][-]{section.5.8}{Discussion}{chapter.5}% 81
\BOOKMARK [1][-]{section.5.9}{Summary}{chapter.5}% 82
\BOOKMARK [0][-]{chapter.6}{Stream\040Ciphers}{part.2}% 83
\BOOKMARK [1][-]{section.6.1}{Pseudorandomness\040against\040Simple\040Statistical\040Tests}{chapter.6}% 84
\BOOKMARK [1][-]{section.6.2}{Examples}{chapter.6}% 85
\BOOKMARK [1][-]{section.6.3}{Summary}{chapter.6}% 86
\BOOKMARK [0][-]{chapter.7}{Chosen\040Plaintext\040Security}{part.2}% 87
\BOOKMARK [1][-]{section.7.1}{Reusing\040Keys}{chapter.7}% 88
\BOOKMARK [1][-]{section.7.2}{Chosen\040Plaintext\040Attacks}{chapter.7}% 89
\BOOKMARK [1][-]{section.7.3}{Constructing\040IND-CPA\040secure\040encryption}{chapter.7}% 90
\BOOKMARK [2][-]{subsection.7.3.1}{Examples}{section.7.3}% 91
\BOOKMARK [1][-]{section.7.4}{Encryption\040from\040Pseudorandom\040Functions}{chapter.7}% 92
\BOOKMARK [1][-]{section.7.5}{Summary}{chapter.7}% 93
\BOOKMARK [0][-]{chapter.8}{Block\040Ciphers}{part.2}% 94
\BOOKMARK [1][-]{section.8.1}{A\040Note\040on\040the\040Concrete\040Security\040Setting}{chapter.8}% 95
\BOOKMARK [1][-]{section.8.2}{Security\040Definition\040-\040Indistinguishability\040from\040a\040Random\040Permutation}{chapter.8}% 96
\BOOKMARK [1][-]{section.8.3}{A\040word\040on\040Provable\040Security}{chapter.8}% 97
\BOOKMARK [1][-]{section.8.4}{Design\040Principles}{chapter.8}% 98
\BOOKMARK [1][-]{section.8.5}{Substitution-Permutation\040Networks}{chapter.8}% 99
\BOOKMARK [1][-]{section.8.6}{The\040Avalanche\040Effect}{chapter.8}% 100
\BOOKMARK [1][-]{section.8.7}{Feistel\040Networks}{chapter.8}% 101
\BOOKMARK [1][-]{section.8.8}{Building\040Blocks\040of\040a\040Block\040Cipher}{chapter.8}% 102
\BOOKMARK [1][-]{section.8.9}{Examples}{chapter.8}% 103
\BOOKMARK [2][-]{subsection.8.9.1}{Example\0401:\040The\040DES\040Block\040Cipher}{section.8.9}% 104
\BOOKMARK [2][-]{subsection.8.9.2}{The\040AES\040Block\040Cipher}{section.8.9}% 105
\BOOKMARK [1][-]{section.8.10}{Blockcipher\040Modes\040of\040Operation}{chapter.8}% 106
\BOOKMARK [2][-]{subsection.8.10.1}{Using\040Block-Ciphers}{section.8.10}% 107
\BOOKMARK [2][-]{subsection.8.10.2}{Electronic\040Codebook\040Mode\040\(ECM\)}{section.8.10}% 108
\BOOKMARK [2][-]{subsection.8.10.3}{Cipher\040Block\040Chaining\040\(CBC\)\040Mode}{section.8.10}% 109
\BOOKMARK [2][-]{subsection.8.10.4}{Chained\040CBC\040Mode}{section.8.10}% 110
\BOOKMARK [2][-]{subsection.8.10.5}{Output\040Feedback\040\(OFB\)\040Mode}{section.8.10}% 111
\BOOKMARK [2][-]{subsection.8.10.6}{Counter\040\(CTR\)\040Mode}{section.8.10}% 112
\BOOKMARK [1][-]{section.8.11}{Summary}{chapter.8}% 113
\BOOKMARK [0][-]{chapter.9}{Cryptanalysis}{part.2}% 114
\BOOKMARK [1][-]{section.9.1}{Security\040goals\040viewed\040by\040Cryptanalysis}{chapter.9}% 115
\BOOKMARK [1][-]{section.9.2}{Block\040Ciphers}{chapter.9}% 116
\BOOKMARK [1][-]{section.9.3}{DES}{chapter.9}% 117
\BOOKMARK [2][-]{subsection.9.3.1}{DES:\040an\040outdated\040but\040interesting\040example}{section.9.3}% 118
\BOOKMARK [2][-]{subsection.9.3.2}{How\040to\040have\040longer\040keys?}{section.9.3}% 119
\BOOKMARK [2][-]{subsection.9.3.3}{Multiple\040DES\040-\040Diffie-Hellman\04077}{section.9.3}% 120
\BOOKMARK [2][-]{subsection.9.3.4}{Double\040DES\040-\040Diffie-Hellman\04077}{section.9.3}% 121
\BOOKMARK [1][-]{section.9.4}{Finding\040Collisions\040in\040a\040list\040or\040between\040lists}{chapter.9}% 122
\BOOKMARK [1][-]{section.9.5}{Triple\040DES\040-\040NIST\040standard\040\(deprecated,\040disallowed\040after\0402023\)}{chapter.9}% 123
\BOOKMARK [1][-]{section.9.6}{Linear\040and\040Differential\040Cryptanalysis}{chapter.9}% 124
\BOOKMARK [1][-]{section.9.7}{Differential\040Cryptanalysis}{chapter.9}% 125
\BOOKMARK [2][-]{subsection.9.7.1}{Fundamentals}{section.9.7}% 126
\BOOKMARK [2][-]{subsection.9.7.2}{Small\040example}{section.9.7}% 127
\BOOKMARK [2][-]{subsection.9.7.3}{Principle\040of\040the\040attack}{section.9.7}% 128
\BOOKMARK [1][-]{section.9.8}{Linear\040Cryptanalysis}{chapter.9}% 129
\BOOKMARK [2][-]{subsection.9.8.1}{Fundamentals}{section.9.8}% 130
\BOOKMARK [2][-]{subsection.9.8.2}{Small\040example}{section.9.8}% 131
\BOOKMARK [2][-]{subsection.9.8.3}{Principle\040of\040attack}{section.9.8}% 132
\BOOKMARK [1][-]{section.9.9}{Related\040Key\040attacks\040:\040Example\040of\040DES-X}{chapter.9}% 133
\BOOKMARK [1][-]{section.9.10}{Arbitrary\040related\040key\040attack\040model\040is\040too\040strong}{chapter.9}% 134
\BOOKMARK [0][-]{chapter.10}{Hash\040Functions}{part.2}% 135
\BOOKMARK [1][-]{section.10.1}{Fingerprinting}{chapter.10}% 136
\BOOKMARK [2][-]{subsection.10.1.1}{Examples}{section.10.1}% 137
\BOOKMARK [1][-]{section.10.2}{Idealized\040Hash\040Functions}{chapter.10}% 138
\BOOKMARK [1][-]{section.10.3}{The\040Random\040Oracle\040Model}{chapter.10}% 139
\BOOKMARK [2][-]{subsection.10.3.1}{Examples}{section.10.3}% 140
\BOOKMARK [1][-]{section.10.4}{Summary}{chapter.10}% 141
\BOOKMARK [1][-]{section.10.5}{A\040word\040on\040Provable\040Security}{chapter.10}% 142
\BOOKMARK [1][-]{section.10.6}{\376\377\000T\000h\000e\000\040\000M\000e\000r\000k\000l\000e\000-\000D\000\345\000m\000g\000a\000r\000d\000\040\000c\000o\000n\000s\000t\000r\000u\000c\000t\000i\000o\000n}{chapter.10}% 143
\BOOKMARK [1][-]{section.10.7}{The\040Design\040of\040Compression\040Functions}{chapter.10}% 144
\BOOKMARK [1][-]{section.10.8}{Sponge\040Functions}{chapter.10}% 145
\BOOKMARK [1][-]{section.10.9}{A\040word\040on\040Provable\040Security}{chapter.10}% 146
\BOOKMARK [1][-]{section.10.10}{Examples}{chapter.10}% 147
\BOOKMARK [2][-]{subsection.10.10.1}{Example\0401:\040The\040MD5\040Hash\040Function}{section.10.10}% 148
\BOOKMARK [2][-]{subsection.10.10.2}{Example\0402:\040The\040SHA-1\040Hash\040Function}{section.10.10}% 149
\BOOKMARK [2][-]{subsection.10.10.3}{Example\0403:\040The\040SHA-2\040family\040of\040Hash\040Functions}{section.10.10}% 150
\BOOKMARK [2][-]{subsection.10.10.4}{Example\0404:\040The\040SHA-3\040family\040of\040Hash\040Functions}{section.10.10}% 151
\BOOKMARK [3][-]{subsubsection.10.10.4.1}{The\040Keccak-f[200]\040Permutation}{subsection.10.10.4}% 152
\BOOKMARK [3][-]{subsubsection.10.10.4.2}{The\040avalanche\040effect\040of\040the\040Keccak-f[1600]\040Permutation:}{subsection.10.10.4}% 153
\BOOKMARK [1][-]{section.10.11}{Cryptanalysis\040on\040Hash\040Functions}{chapter.10}% 154
\BOOKMARK [2][-]{subsection.10.11.1}{\376\377\000A\000t\000t\000a\000c\000k\000e\000r\040\031\000s\000\040\000g\000o\000a\000l\000s\000\040\000a\000g\000a\000i\000n\000s\000t\000\040\000h\000a\000s\000h\000\040\000f\000u\000n\000c\000t\000i\000o\000n\000s}{section.10.11}% 155
\BOOKMARK [2][-]{subsection.10.11.2}{Random\040Oracle\040Model}{section.10.11}% 156
\BOOKMARK [2][-]{subsection.10.11.3}{Generic\040Collisions}{section.10.11}% 157
\BOOKMARK [2][-]{subsection.10.11.4}{Explanation\040of\040birthday\040paradox}{section.10.11}% 158
\BOOKMARK [2][-]{subsection.10.11.5}{An\040example\040scenario\040for\040exploiting\040collisions:\040digital\040signature}{section.10.11}% 159
\BOOKMARK [2][-]{subsection.10.11.6}{More\040details}{section.10.11}% 160
\BOOKMARK [2][-]{subsection.10.11.7}{Memory-less\040collision\040finding}{section.10.11}% 161
\BOOKMARK [2][-]{subsection.10.11.8}{Generic\040pre-images,\040second\040pre-images\040and\040one\040wayness}{section.10.11}% 162
\BOOKMARK [2][-]{subsection.10.11.9}{Parallel\040Hash\040extension}{section.10.11}% 163
\BOOKMARK [2][-]{subsection.10.11.10}{Merkle-Damgard\040Hash\040construction}{section.10.11}% 164
\BOOKMARK [3][-]{subsubsection.10.11.10.1}{Multicollisions\040on\040Merkle-Damgard\040construction}{subsection.10.11.10}% 165
\BOOKMARK [3][-]{subsubsection.10.11.10.2}{Parallel\040Hash\040extension\040with\040a\040Merkle-Damgard\040hash}{subsection.10.11.10}% 166
\BOOKMARK [0][-]{chapter.11}{Authentication}{part.2}% 167
\BOOKMARK [1][-]{section.11.1}{\376\377\000A\000n\000\040\000A\000t\000t\000a\000c\000k\000\040\000t\000h\000a\000t\000\040\000d\000o\000e\000s\000n\040\031\000t\000\040\000b\000r\000e\000a\000k\000\040\000S\000e\000c\000r\000e\000c\000y}{chapter.11}% 168
\BOOKMARK [1][-]{section.11.2}{Message\040Integrity}{chapter.11}% 169
\BOOKMARK [1][-]{section.11.3}{Message\040Authentication\040Codes}{chapter.11}% 170
\BOOKMARK [1][-]{section.11.4}{Security\040of\040Message\040Authentication\040Codes}{chapter.11}% 171
\BOOKMARK [1][-]{section.11.5}{Using\040Message\040Authentication}{chapter.11}% 172
\BOOKMARK [1][-]{section.11.6}{Summary\0401}{chapter.11}% 173
\BOOKMARK [1][-]{section.11.7}{Constructing\040Message\040Authentication\040Codes}{chapter.11}% 174
\BOOKMARK [1][-]{section.11.8}{Message\040Authentication\040Codes\040for\040fixed\040length\040messages}{chapter.11}% 175
\BOOKMARK [2][-]{subsection.11.8.1}{Security}{section.11.8}% 176
\BOOKMARK [1][-]{section.11.9}{Message\040Authentication\040Codes\040for\040long\040Messages}{chapter.11}% 177
\BOOKMARK [2][-]{subsection.11.9.1}{Security}{section.11.9}% 178
\BOOKMARK [1][-]{section.11.10}{Message\040Authentication\040Codes\040from\040Random\040Oracles}{chapter.11}% 179
\BOOKMARK [1][-]{section.11.11}{Summary\0402}{chapter.11}% 180
\BOOKMARK [0][-]{chapter.12}{Chosen\040Ciphertext\040Security}{part.2}% 181
\BOOKMARK [1][-]{section.12.1}{Encryption\040and\040Authentication}{chapter.12}% 182
\BOOKMARK [1][-]{section.12.2}{Constructing\040IND-CCA\040secure\040encryption}{chapter.12}% 183
\BOOKMARK [1][-]{section.12.3}{Summary}{chapter.12}% 184
\BOOKMARK [-1][-]{part.3}{III\040Public\040Key\040Encryption}{}% 185
\BOOKMARK [0][-]{chapter.13}{Algebra}{part.3}% 186
\BOOKMARK [1][-]{section.13.1}{Basics\040of\040Algebra}{chapter.13}% 187
\BOOKMARK [2][-]{subsection.13.1.1}{Ring\040of\040integers\040Z}{section.13.1}% 188
\BOOKMARK [3][-]{subsubsection.13.1.1.1}{Divisibility}{subsection.13.1.1}% 189
\BOOKMARK [3][-]{subsubsection.13.1.1.2}{Euclidean\040division}{subsection.13.1.1}% 190
\BOOKMARK [0][-]{chapter.14}{Key\040Distribution\040and\040Key\040Exchange}{part.3}% 191
\BOOKMARK [1][-]{section.14.1}{Private\040Key\040Cryptography}{chapter.14}% 192
\BOOKMARK [1][-]{section.14.2}{A\040modest\040Proposal:\040Key\040Distribution\040Centers}{chapter.14}% 193
\BOOKMARK [1][-]{section.14.3}{New\040Directions\040in\040Cryptography}{chapter.14}% 194
\BOOKMARK [1][-]{section.14.4}{Diffie-Hellman\040Key\040Exchange}{chapter.14}% 195
\BOOKMARK [1][-]{section.14.5}{Formal\040Definitions\040for\040Key-Exchange\040Protocols}{chapter.14}% 196
\BOOKMARK [1][-]{section.14.6}{Security\040Definition\040for\040Key\040Exchange}{chapter.14}% 197
\BOOKMARK [1][-]{section.14.7}{The\040Decisional\040Diffie-Hellman\040\(DDH\)\040Assumption}{chapter.14}% 198
\BOOKMARK [1][-]{section.14.8}{Summary}{chapter.14}% 199
\BOOKMARK [0][-]{chapter.15}{Public\040Key\040Encryption}{part.3}% 200
\BOOKMARK [1][-]{section.15.1}{Encryption\040Schemes}{chapter.15}% 201
\BOOKMARK [1][-]{section.15.2}{First\040Proposal}{chapter.15}% 202
\BOOKMARK [1][-]{section.15.3}{What\040about\040Security?}{chapter.15}% 203
\BOOKMARK [1][-]{section.15.4}{Defining\040Security}{chapter.15}% 204
\BOOKMARK [1][-]{section.15.5}{The\040ElGamal\040Cryptosystem}{chapter.15}% 205
\BOOKMARK [1][-]{section.15.6}{Summary}{chapter.15}% 206
\BOOKMARK [0][-]{chapter.16}{Hybrid\040Encryption}{part.3}% 207
\BOOKMARK [1][-]{section.16.1}{Advantages\040of\040Hybrid\040Encryption}{chapter.16}% 208
\BOOKMARK [1][-]{section.16.2}{Key\040Encapsulation}{chapter.16}% 209
\BOOKMARK [1][-]{section.16.3}{Key\040Encapsulation\040Mechanisms}{chapter.16}% 210
\BOOKMARK [1][-]{section.16.4}{CPA\040Security\040for\040KEMs}{chapter.16}% 211
\BOOKMARK [1][-]{section.16.5}{Examples\040of\040KEMs}{chapter.16}% 212
\BOOKMARK [1][-]{section.16.6}{Public\040Key\040Encryption\040from\040KEM\040+\040Private\040Key\040Encryption}{chapter.16}% 213
