\BOOKMARK [0][-]{chapter.1}{Introduction}{}% 1
\BOOKMARK [1][-]{section.1.1}{Advertising}{chapter.1}% 2
\BOOKMARK [1][-]{section.1.2}{Why\040estimate\040f?}{chapter.1}% 3
\BOOKMARK [2][-]{subsection.1.2.1}{Prediction}{section.1.2}% 4
\BOOKMARK [2][-]{subsection.1.2.2}{Inference}{section.1.2}% 5
\BOOKMARK [1][-]{section.1.3}{How\040to\040estimate\040f?}{chapter.1}% 6
\BOOKMARK [2][-]{subsection.1.3.1}{Parametric\040Methods}{section.1.3}% 7
\BOOKMARK [2][-]{subsection.1.3.2}{Nonparametric\040Methods}{section.1.3}% 8
\BOOKMARK [1][-]{section.1.4}{Accuracy\040vs.\040Interpretability}{chapter.1}% 9
\BOOKMARK [1][-]{section.1.5}{Supervised\040vs.\040Unsupervised\040Learning}{chapter.1}% 10
\BOOKMARK [2][-]{subsection.1.5.1}{Supervised\040Learning}{section.1.5}% 11
\BOOKMARK [2][-]{subsection.1.5.2}{Semi-supervised\040Learning}{section.1.5}% 12
\BOOKMARK [2][-]{subsection.1.5.3}{Unsupervised\040Learning}{section.1.5}% 13
\BOOKMARK [1][-]{section.1.6}{Assessing\040model\040accuracy}{chapter.1}% 14
\BOOKMARK [1][-]{section.1.7}{Bias-Variance}{chapter.1}% 15
\BOOKMARK [2][-]{subsection.1.7.1}{Tradeoff}{section.1.7}% 16
\BOOKMARK [2][-]{subsection.1.7.2}{Bias-Variance\040Decomposition}{section.1.7}% 17
\BOOKMARK [1][-]{section.1.8}{The\040Classification\040Setting}{chapter.1}% 18
\BOOKMARK [2][-]{subsection.1.8.1}{Bayes\040Classifier}{section.1.8}% 19
\BOOKMARK [1][-]{section.1.9}{Example\040Binary\040Classification}{chapter.1}% 20
\BOOKMARK [2][-]{subsection.1.9.1}{Nearest\040Neighbors}{section.1.9}% 21
\BOOKMARK [0][-]{chapter.2}{Linear\040Regression}{}% 22
\BOOKMARK [1][-]{section.2.1}{Simple\040Linear\040Regression}{chapter.2}% 23
\BOOKMARK [1][-]{section.2.2}{Estimating\040the\040Coefficients}{chapter.2}% 24
\BOOKMARK [1][-]{section.2.3}{Accuracy\040of\040Coefficient\040Estimates}{chapter.2}% 25
\BOOKMARK [1][-]{section.2.4}{Unbiased\040Estimates}{chapter.2}% 26
\BOOKMARK [2][-]{subsection.2.4.1}{Assessing\040the\040Accuracy\040of\040Estimates}{section.2.4}% 27
\BOOKMARK [1][-]{section.2.5}{Computing\040Confidence\040Intervals}{chapter.2}% 28
